{"total": {"lines":{"total":4854,"covered":4329,"skipped":0,"pct":89.18},"statements":{"total":4854,"covered":4329,"skipped":0,"pct":89.18},"functions":{"total":290,"covered":287,"skipped":0,"pct":98.96},"branches":{"total":2058,"covered":1924,"skipped":0,"pct":93.48},"branchesTrue":{"total":0,"covered":0,"skipped":0,"pct":100}}
,"/Users/seum/Downloads/nextemr/react-frontend/src/app/(document-dev)/_utils/field-conversion.ts": {"lines":{"total":64,"covered":64,"skipped":0,"pct":100},"functions":{"total":3,"covered":3,"skipped":0,"pct":100},"statements":{"total":64,"covered":64,"skipped":0,"pct":100},"branches":{"total":35,"covered":35,"skipped":0,"pct":100}}
,"/Users/seum/Downloads/nextemr/react-frontend/src/app/(document-dev)/_utils/preview-form-defaults.ts": {"lines":{"total":149,"covered":149,"skipped":0,"pct":100},"functions":{"total":9,"covered":9,"skipped":0,"pct":100},"statements":{"total":149,"covered":149,"skipped":0,"pct":100},"branches":{"total":128,"covered":124,"skipped":0,"pct":96.87}}
,"/Users/seum/Downloads/nextemr/react-frontend/src/app/document/_utils/document-navigation.ts": {"lines":{"total":7,"covered":7,"skipped":0,"pct":100},"functions":{"total":1,"covered":1,"skipped":0,"pct":100},"statements":{"total":7,"covered":7,"skipped":0,"pct":100},"branches":{"total":1,"covered":1,"skipped":0,"pct":100}}
,"/Users/seum/Downloads/nextemr/react-frontend/src/app/document/_utils/form-data-mapper.ts": {"lines":{"total":46,"covered":46,"skipped":0,"pct":100},"functions":{"total":4,"covered":4,"skipped":0,"pct":100},"statements":{"total":46,"covered":46,"skipped":0,"pct":100},"branches":{"total":25,"covered":25,"skipped":0,"pct":100}}
,"/Users/seum/Downloads/nextemr/react-frontend/src/app/document/_utils/form-initialization.ts": {"lines":{"total":80,"covered":80,"skipped":0,"pct":100},"functions":{"total":9,"covered":9,"skipped":0,"pct":100},"statements":{"total":80,"covered":80,"skipped":0,"pct":100},"branches":{"total":56,"covered":55,"skipped":0,"pct":98.21}}
,"/Users/seum/Downloads/nextemr/react-frontend/src/components/settings/patient-management/model/validators.ts": {"lines":{"total":50,"covered":45,"skipped":0,"pct":90},"functions":{"total":2,"covered":2,"skipped":0,"pct":100},"statements":{"total":50,"covered":45,"skipped":0,"pct":90},"branches":{"total":18,"covered":17,"skipped":0,"pct":94.44}}
,"/Users/seum/Downloads/nextemr/react-frontend/src/components/settings/printer/model/basic-printer-settings.ts": {"lines":{"total":157,"covered":147,"skipped":0,"pct":93.63},"functions":{"total":14,"covered":14,"skipped":0,"pct":100},"statements":{"total":157,"covered":147,"skipped":0,"pct":93.63},"branches":{"total":71,"covered":49,"skipped":0,"pct":69.01}}
,"/Users/seum/Downloads/nextemr/react-frontend/src/lib/appointment-icon-util.ts": {"lines":{"total":15,"covered":0,"skipped":0,"pct":0},"functions":{"total":1,"covered":1,"skipped":0,"pct":100},"statements":{"total":15,"covered":0,"skipped":0,"pct":0},"branches":{"total":1,"covered":1,"skipped":0,"pct":100}}
,"/Users/seum/Downloads/nextemr/react-frontend/src/lib/auth-utils.ts": {"lines":{"total":38,"covered":38,"skipped":0,"pct":100},"functions":{"total":1,"covered":1,"skipped":0,"pct":100},"statements":{"total":38,"covered":38,"skipped":0,"pct":100},"branches":{"total":10,"covered":10,"skipped":0,"pct":100}}
,"/Users/seum/Downloads/nextemr/react-frontend/src/lib/business-utils.ts": {"lines":{"total":14,"covered":14,"skipped":0,"pct":100},"functions":{"total":1,"covered":1,"skipped":0,"pct":100},"statements":{"total":14,"covered":14,"skipped":0,"pct":100},"branches":{"total":5,"covered":4,"skipped":0,"pct":80}}
,"/Users/seum/Downloads/nextemr/react-frontend/src/lib/calc-result-data-util.ts": {"lines":{"total":390,"covered":0,"skipped":0,"pct":0},"functions":{"total":1,"covered":1,"skipped":0,"pct":100},"statements":{"total":390,"covered":0,"skipped":0,"pct":0},"branches":{"total":1,"covered":1,"skipped":0,"pct":100}}
,"/Users/seum/Downloads/nextemr/react-frontend/src/lib/common-utils.ts": {"lines":{"total":335,"covered":333,"skipped":0,"pct":99.4},"functions":{"total":27,"covered":27,"skipped":0,"pct":100},"statements":{"total":335,"covered":333,"skipped":0,"pct":99.4},"branches":{"total":170,"covered":159,"skipped":0,"pct":93.52}}
,"/Users/seum/Downloads/nextemr/react-frontend/src/lib/config.ts": {"lines":{"total":6,"covered":6,"skipped":0,"pct":100},"functions":{"total":0,"covered":0,"skipped":0,"pct":100},"statements":{"total":6,"covered":6,"skipped":0,"pct":100},"branches":{"total":1,"covered":0,"skipped":0,"pct":0}}
,"/Users/seum/Downloads/nextemr/react-frontend/src/lib/date-utils.ts": {"lines":{"total":604,"covered":575,"skipped":0,"pct":95.19},"functions":{"total":31,"covered":31,"skipped":0,"pct":100},"statements":{"total":604,"covered":575,"skipped":0,"pct":95.19},"branches":{"total":220,"covered":199,"skipped":0,"pct":90.45}}
,"/Users/seum/Downloads/nextemr/react-frontend/src/lib/eligibility-utils.ts": {"lines":{"total":326,"covered":326,"skipped":0,"pct":100},"functions":{"total":5,"covered":5,"skipped":0,"pct":100},"statements":{"total":326,"covered":326,"skipped":0,"pct":100},"branches":{"total":170,"covered":169,"skipped":0,"pct":99.41}}
,"/Users/seum/Downloads/nextemr/react-frontend/src/lib/encounter-util.ts": {"lines":{"total":81,"covered":81,"skipped":0,"pct":100},"functions":{"total":7,"covered":7,"skipped":0,"pct":100},"statements":{"total":81,"covered":81,"skipped":0,"pct":100},"branches":{"total":34,"covered":31,"skipped":0,"pct":91.17}}
,"/Users/seum/Downloads/nextemr/react-frontend/src/lib/enum-utils.ts": {"lines":{"total":27,"covered":27,"skipped":0,"pct":100},"functions":{"total":4,"covered":4,"skipped":0,"pct":100},"statements":{"total":27,"covered":27,"skipped":0,"pct":100},"branches":{"total":7,"covered":7,"skipped":0,"pct":100}}
,"/Users/seum/Downloads/nextemr/react-frontend/src/lib/error-utils.ts": {"lines":{"total":80,"covered":80,"skipped":0,"pct":100},"functions":{"total":5,"covered":5,"skipped":0,"pct":100},"statements":{"total":80,"covered":80,"skipped":0,"pct":100},"branches":{"total":29,"covered":28,"skipped":0,"pct":96.55}}
,"/Users/seum/Downloads/nextemr/react-frontend/src/lib/extra-qualification-utils.ts": {"lines":{"total":457,"covered":453,"skipped":0,"pct":99.12},"functions":{"total":44,"covered":44,"skipped":0,"pct":100},"statements":{"total":457,"covered":453,"skipped":0,"pct":99.12},"branches":{"total":209,"covered":200,"skipped":0,"pct":95.69}}
,"/Users/seum/Downloads/nextemr/react-frontend/src/lib/field-converters.ts": {"lines":{"total":41,"covered":41,"skipped":0,"pct":100},"functions":{"total":5,"covered":5,"skipped":0,"pct":100},"statements":{"total":41,"covered":41,"skipped":0,"pct":100},"branches":{"total":18,"covered":18,"skipped":0,"pct":100}}
,"/Users/seum/Downloads/nextemr/react-frontend/src/lib/field-value-resolvers.ts": {"lines":{"total":116,"covered":101,"skipped":0,"pct":87.06},"functions":{"total":4,"covered":4,"skipped":0,"pct":100},"statements":{"total":116,"covered":101,"skipped":0,"pct":87.06},"branches":{"total":48,"covered":39,"skipped":0,"pct":81.25}}
,"/Users/seum/Downloads/nextemr/react-frontend/src/lib/file-utils.ts": {"lines":{"total":19,"covered":19,"skipped":0,"pct":100},"functions":{"total":3,"covered":3,"skipped":0,"pct":100},"statements":{"total":19,"covered":19,"skipped":0,"pct":100},"branches":{"total":5,"covered":5,"skipped":0,"pct":100}}
,"/Users/seum/Downloads/nextemr/react-frontend/src/lib/form-utils.ts": {"lines":{"total":58,"covered":58,"skipped":0,"pct":100},"functions":{"total":3,"covered":3,"skipped":0,"pct":100},"statements":{"total":58,"covered":58,"skipped":0,"pct":100},"branches":{"total":16,"covered":16,"skipped":0,"pct":100}}
,"/Users/seum/Downloads/nextemr/react-frontend/src/lib/holiday-utils.ts": {"lines":{"total":125,"covered":125,"skipped":0,"pct":100},"functions":{"total":13,"covered":13,"skipped":0,"pct":100},"statements":{"total":125,"covered":125,"skipped":0,"pct":100},"branches":{"total":68,"covered":67,"skipped":0,"pct":98.52}}
,"/Users/seum/Downloads/nextemr/react-frontend/src/lib/master-data-utils.ts": {"lines":{"total":51,"covered":51,"skipped":0,"pct":100},"functions":{"total":5,"covered":5,"skipped":0,"pct":100},"statements":{"total":51,"covered":51,"skipped":0,"pct":100},"branches":{"total":34,"covered":31,"skipped":0,"pct":91.17}}
,"/Users/seum/Downloads/nextemr/react-frontend/src/lib/nhic-form-utils.ts": {"lines":{"total":462,"covered":453,"skipped":0,"pct":98.05},"functions":{"total":16,"covered":16,"skipped":0,"pct":100},"statements":{"total":462,"covered":453,"skipped":0,"pct":98.05},"branches":{"total":165,"covered":154,"skipped":0,"pct":93.33}}
,"/Users/seum/Downloads/nextemr/react-frontend/src/lib/number-utils.ts": {"lines":{"total":14,"covered":14,"skipped":0,"pct":100},"functions":{"total":2,"covered":2,"skipped":0,"pct":100},"statements":{"total":14,"covered":14,"skipped":0,"pct":100},"branches":{"total":14,"covered":14,"skipped":0,"pct":100}}
,"/Users/seum/Downloads/nextemr/react-frontend/src/lib/patient-utils.ts": {"lines":{"total":322,"covered":304,"skipped":0,"pct":94.4},"functions":{"total":17,"covered":16,"skipped":0,"pct":94.11},"statements":{"total":322,"covered":304,"skipped":0,"pct":94.4},"branches":{"total":202,"covered":191,"skipped":0,"pct":94.55}}
,"/Users/seum/Downloads/nextemr/react-frontend/src/lib/payments-utils.ts": {"lines":{"total":19,"covered":19,"skipped":0,"pct":100},"functions":{"total":1,"covered":1,"skipped":0,"pct":100},"statements":{"total":19,"covered":19,"skipped":0,"pct":100},"branches":{"total":11,"covered":11,"skipped":0,"pct":100}}
,"/Users/seum/Downloads/nextemr/react-frontend/src/lib/registration-utils.ts": {"lines":{"total":205,"covered":202,"skipped":0,"pct":98.53},"functions":{"total":12,"covered":12,"skipped":0,"pct":100},"statements":{"total":205,"covered":202,"skipped":0,"pct":98.53},"branches":{"total":78,"covered":75,"skipped":0,"pct":96.15}}
,"/Users/seum/Downloads/nextemr/react-frontend/src/lib/reservation-utils.ts": {"lines":{"total":96,"covered":93,"skipped":0,"pct":96.87},"functions":{"total":14,"covered":14,"skipped":0,"pct":100},"statements":{"total":96,"covered":93,"skipped":0,"pct":96.87},"branches":{"total":33,"covered":32,"skipped":0,"pct":96.96}}
,"/Users/seum/Downloads/nextemr/react-frontend/src/lib/sort-position.ts": {"lines":{"total":10,"covered":10,"skipped":0,"pct":100},"functions":{"total":1,"covered":1,"skipped":0,"pct":100},"statements":{"total":10,"covered":10,"skipped":0,"pct":100},"branches":{"total":6,"covered":4,"skipped":0,"pct":66.66}}
,"/Users/seum/Downloads/nextemr/react-frontend/src/lib/token-storage.ts": {"lines":{"total":55,"covered":44,"skipped":0,"pct":80},"functions":{"total":4,"covered":4,"skipped":0,"pct":100},"statements":{"total":55,"covered":44,"skipped":0,"pct":80},"branches":{"total":14,"covered":8,"skipped":0,"pct":57.14}}
,"/Users/seum/Downloads/nextemr/react-frontend/src/lib/utils.ts": {"lines":{"total":14,"covered":5,"skipped":0,"pct":35.71},"functions":{"total":2,"covered":0,"skipped":0,"pct":0},"statements":{"total":14,"covered":5,"skipped":0,"pct":35.71},"branches":{"total":0,"covered":0,"skipped":0,"pct":100}}
,"/Users/seum/Downloads/nextemr/react-frontend/src/lib/validation.ts": {"lines":{"total":39,"covered":39,"skipped":0,"pct":100},"functions":{"total":3,"covered":3,"skipped":0,"pct":100},"statements":{"total":39,"covered":39,"skipped":0,"pct":100},"branches":{"total":19,"covered":19,"skipped":0,"pct":100}}
,"/Users/seum/Downloads/nextemr/react-frontend/src/lib/printable/index.ts": {"lines":{"total":6,"covered":6,"skipped":0,"pct":100},"functions":{"total":0,"covered":0,"skipped":0,"pct":100},"statements":{"total":6,"covered":6,"skipped":0,"pct":100},"branches":{"total":0,"covered":0,"skipped":0,"pct":100}}
,"/Users/seum/Downloads/nextemr/react-frontend/src/lib/printable/paper.ts": {"lines":{"total":19,"covered":19,"skipped":0,"pct":100},"functions":{"total":1,"covered":1,"skipped":0,"pct":100},"statements":{"total":19,"covered":19,"skipped":0,"pct":100},"branches":{"total":6,"covered":6,"skipped":0,"pct":100}}
,"/Users/seum/Downloads/nextemr/react-frontend/src/lib/printable/split-html-blocks.ts": {"lines":{"total":30,"covered":28,"skipped":0,"pct":93.33},"functions":{"total":1,"covered":1,"skipped":0,"pct":100},"statements":{"total":30,"covered":28,"skipped":0,"pct":93.33},"branches":{"total":15,"covered":12,"skipped":0,"pct":80}}
,"/Users/seum/Downloads/nextemr/react-frontend/src/lib/printable/utils.ts": {"lines":{"total":53,"covered":53,"skipped":0,"pct":100},"functions":{"total":5,"covered":5,"skipped":0,"pct":100},"statements":{"total":53,"covered":53,"skipped":0,"pct":100},"branches":{"total":24,"covered":22,"skipped":0,"pct":91.66}}
,"/Users/seum/Downloads/nextemr/react-frontend/src/utils/template-code-utils.ts": {"lines":{"total":59,"covered":59,"skipped":0,"pct":100},"functions":{"total":5,"covered":5,"skipped":0,"pct":100},"statements":{"total":59,"covered":59,"skipped":0,"pct":100},"branches":{"total":23,"covered":22,"skipped":0,"pct":95.65}}
,"/Users/seum/Downloads/nextemr/react-frontend/src/utils/visit-date-formatter.ts": {"lines":{"total":115,"covered":115,"skipped":0,"pct":100},"functions":{"total":4,"covered":4,"skipped":0,"pct":100},"statements":{"total":115,"covered":115,"skipped":0,"pct":100},"branches":{"total":68,"covered":63,"skipped":0,"pct":92.64}}
}
